"clang -o conftest -I/Users/katyou/.rbenv/versions/2.2.4/include/ruby-2.2.0/x86_64-darwin14 -I/Users/katyou/.rbenv/versions/2.2.4/include/ruby-2.2.0/ruby/backward -I/Users/katyou/.rbenv/versions/2.2.4/include/ruby-2.2.0 -I. -I/Users/katyou/.rbenv/versions/2.2.4/include  -D_XOPEN_SOURCE -D_DARWIN_C_SOURCE -D_DARWIN_UNLIMITED_SELECT -D_REENTRANT    -O3 -Wno-error=shorten-64-to-32  -pipe conftest.c  -L. -L/Users/katyou/.rbenv/versions/2.2.4/lib -L. -L/Users/katyou/.rbenv/versions/2.2.4/lib  -fstack-protector     -lruby-static -framework CoreFoundation  -lpthread -ldl -lobjc "
checked program was:
/* begin */
1: #include "ruby.h"
2: 
3: int main(int argc, char **argv)
4: {
5:   return 0;
6: }
/* end */

"clang -o conftest -I/Users/katyou/.rbenv/versions/2.2.4/include/ruby-2.2.0/x86_64-darwin14 -I/Users/katyou/.rbenv/versions/2.2.4/include/ruby-2.2.0/ruby/backward -I/Users/katyou/.rbenv/versions/2.2.4/include/ruby-2.2.0 -I. -I/Users/katyou/.rbenv/versions/2.2.4/include  -D_XOPEN_SOURCE -D_DARWIN_C_SOURCE -D_DARWIN_UNLIMITED_SELECT -D_REENTRANT    -O3 -Wno-error=shorten-64-to-32  -pipe conftest.c  -L. -L/Users/katyou/.rbenv/versions/2.2.4/lib -L. -L/Users/katyou/.rbenv/versions/2.2.4/lib  -fstack-protector     -lruby-static -framework CoreFoundation -lssl -lcrypto -lz -lpthread -ldl -lobjc "
checked program was:
/* begin */
1: #include "ruby.h"
2: 
3: int main(int argc, char **argv)
4: {
5:   return 0;
6: }
/* end */

package configuration for openssl
cflags: 
ldflags: 
libs: -lssl -lcrypto -lz

have_library: checking for main() in -lcrypto... -------------------- yes

"clang -o conftest -I/Users/katyou/.rbenv/versions/2.2.4/include/ruby-2.2.0/x86_64-darwin14 -I/Users/katyou/.rbenv/versions/2.2.4/include/ruby-2.2.0/ruby/backward -I/Users/katyou/.rbenv/versions/2.2.4/include/ruby-2.2.0 -I.  -I/Users/katyou/.rbenv/versions/2.2.4/include  -D_XOPEN_SOURCE -D_DARWIN_C_SOURCE -D_DARWIN_UNLIMITED_SELECT -D_REENTRANT    -O3 -Wno-error=shorten-64-to-32  -pipe  conftest.c  -L. -L/Users/katyou/.rbenv/versions/2.2.4/lib -L. -L/Users/katyou/.rbenv/versions/2.2.4/lib  -fstack-protector      -lssl -lcrypto -lz -lruby-static -framework CoreFoundation  -lssl -lcrypto -lz -lcrypto -lpthread -ldl -lobjc "
checked program was:
/* begin */
 1: #include "ruby.h"
 2: 
 3: /*top*/
 4: extern int t(void);
 5: int main(int argc, char **argv)
 6: {
 7:   if (argc > 1000000) {
 8:     printf("%p", &t);
 9:   }
10: 
11:   return 0;
12: }
13: int t(void) { void ((*volatile p)()); p = (void ((*)()))main; return 0; }
/* end */

--------------------

have_library: checking for main() in -lssl... -------------------- yes

"clang -o conftest -I/Users/katyou/.rbenv/versions/2.2.4/include/ruby-2.2.0/x86_64-darwin14 -I/Users/katyou/.rbenv/versions/2.2.4/include/ruby-2.2.0/ruby/backward -I/Users/katyou/.rbenv/versions/2.2.4/include/ruby-2.2.0 -I.  -I/Users/katyou/.rbenv/versions/2.2.4/include  -D_XOPEN_SOURCE -D_DARWIN_C_SOURCE -D_DARWIN_UNLIMITED_SELECT -D_REENTRANT    -O3 -Wno-error=shorten-64-to-32  -pipe  conftest.c  -L. -L/Users/katyou/.rbenv/versions/2.2.4/lib -L. -L/Users/katyou/.rbenv/versions/2.2.4/lib  -fstack-protector      -lssl -lcrypto -lz -lcrypto -lruby-static -framework CoreFoundation  -lssl -lcrypto -lz -lcrypto -lssl -lpthread -ldl -lobjc "
checked program was:
/* begin */
 1: #include "ruby.h"
 2: 
 3: /*top*/
 4: extern int t(void);
 5: int main(int argc, char **argv)
 6: {
 7:   if (argc > 1000000) {
 8:     printf("%p", &t);
 9:   }
10: 
11:   return 0;
12: }
13: int t(void) { void ((*volatile p)()); p = (void ((*)()))main; return 0; }
/* end */

--------------------

have_header: checking for openssl/ssl.h... -------------------- yes

"clang -E -I/Users/katyou/.rbenv/versions/2.2.4/include/ruby-2.2.0/x86_64-darwin14 -I/Users/katyou/.rbenv/versions/2.2.4/include/ruby-2.2.0/ruby/backward -I/Users/katyou/.rbenv/versions/2.2.4/include/ruby-2.2.0 -I.  -I/Users/katyou/.rbenv/versions/2.2.4/include  -D_XOPEN_SOURCE -D_DARWIN_C_SOURCE -D_DARWIN_UNLIMITED_SELECT -D_REENTRANT    -O3 -Wno-error=shorten-64-to-32  -pipe   conftest.c -o conftest.i"
checked program was:
/* begin */
1: #include "ruby.h"
2: 
3: #include <openssl/ssl.h>
/* end */

--------------------

have_header: checking for openssl/err.h... -------------------- yes

"clang -E -I/Users/katyou/.rbenv/versions/2.2.4/include/ruby-2.2.0/x86_64-darwin14 -I/Users/katyou/.rbenv/versions/2.2.4/include/ruby-2.2.0/ruby/backward -I/Users/katyou/.rbenv/versions/2.2.4/include/ruby-2.2.0 -I.  -I/Users/katyou/.rbenv/versions/2.2.4/include  -D_XOPEN_SOURCE -D_DARWIN_C_SOURCE -D_DARWIN_UNLIMITED_SELECT -D_REENTRANT    -O3 -Wno-error=shorten-64-to-32  -pipe   conftest.c -o conftest.i"
checked program was:
/* begin */
1: #include "ruby.h"
2: 
3: #include <openssl/err.h>
/* end */

--------------------

have_var: checking for rb_trap_immediate in ruby.h,rubysig.h... -------------------- no

"clang -I/Users/katyou/.rbenv/versions/2.2.4/include/ruby-2.2.0/x86_64-darwin14 -I/Users/katyou/.rbenv/versions/2.2.4/include/ruby-2.2.0/ruby/backward -I/Users/katyou/.rbenv/versions/2.2.4/include/ruby-2.2.0 -I.  -I/Users/katyou/.rbenv/versions/2.2.4/include  -D_XOPEN_SOURCE -D_DARWIN_C_SOURCE -D_DARWIN_UNLIMITED_SELECT -D_REENTRANT    -O3 -Wno-error=shorten-64-to-32  -pipe    -c conftest.c"
In file included from conftest.c:4:
/Users/katyou/.rbenv/versions/2.2.4/include/ruby-2.2.0/ruby/backward/rubysig.h:14:2: warning: rubysig.h is obsolete [-W#warnings]
#warning rubysig.h is obsolete
 ^
conftest.c:16:55: error: use of undeclared identifier 'rb_trap_immediate'
int t(void) { const volatile void *volatile p; p = &(&rb_trap_immediate)[0]; return 0; }
                                                      ^
1 warning and 1 error generated.
checked program was:
/* begin */
 1: #include "ruby.h"
 2: 
 3: #include <ruby.h>
 4: #include <rubysig.h>
 5: 
 6: /*top*/
 7: extern int t(void);
 8: int main(int argc, char **argv)
 9: {
10:   if (argc > 1000000) {
11:     printf("%p", &t);
12:   }
13: 
14:   return 0;
15: }
16: int t(void) { const volatile void *volatile p; p = &(&rb_trap_immediate)[0]; return 0; }
/* end */

--------------------

have_func: checking for rb_thread_blocking_region()... -------------------- no

"clang -o conftest -I/Users/katyou/.rbenv/versions/2.2.4/include/ruby-2.2.0/x86_64-darwin14 -I/Users/katyou/.rbenv/versions/2.2.4/include/ruby-2.2.0/ruby/backward -I/Users/katyou/.rbenv/versions/2.2.4/include/ruby-2.2.0 -I.  -I/Users/katyou/.rbenv/versions/2.2.4/include  -D_XOPEN_SOURCE -D_DARWIN_C_SOURCE -D_DARWIN_UNLIMITED_SELECT -D_REENTRANT    -O3 -Wno-error=shorten-64-to-32  -pipe  conftest.c  -L. -L/Users/katyou/.rbenv/versions/2.2.4/lib -L. -L/Users/katyou/.rbenv/versions/2.2.4/lib  -fstack-protector      -lssl -lcrypto -lz -lcrypto -lssl -lruby-static -framework CoreFoundation  -lssl -lcrypto -lz -lcrypto -lssl -lpthread -ldl -lobjc "
conftest.c:13:57: error: use of undeclared identifier 'rb_thread_blocking_region'
int t(void) { void ((*volatile p)()); p = (void ((*)()))rb_thread_blocking_region; return 0; }
                                                        ^
1 error generated.
checked program was:
/* begin */
 1: #include "ruby.h"
 2: 
 3: /*top*/
 4: extern int t(void);
 5: int main(int argc, char **argv)
 6: {
 7:   if (argc > 1000000) {
 8:     printf("%p", &t);
 9:   }
10: 
11:   return 0;
12: }
13: int t(void) { void ((*volatile p)()); p = (void ((*)()))rb_thread_blocking_region; return 0; }
/* end */

"clang -o conftest -I/Users/katyou/.rbenv/versions/2.2.4/include/ruby-2.2.0/x86_64-darwin14 -I/Users/katyou/.rbenv/versions/2.2.4/include/ruby-2.2.0/ruby/backward -I/Users/katyou/.rbenv/versions/2.2.4/include/ruby-2.2.0 -I.  -I/Users/katyou/.rbenv/versions/2.2.4/include  -D_XOPEN_SOURCE -D_DARWIN_C_SOURCE -D_DARWIN_UNLIMITED_SELECT -D_REENTRANT    -O3 -Wno-error=shorten-64-to-32  -pipe  conftest.c  -L. -L/Users/katyou/.rbenv/versions/2.2.4/lib -L. -L/Users/katyou/.rbenv/versions/2.2.4/lib  -fstack-protector      -lssl -lcrypto -lz -lcrypto -lssl -lruby-static -framework CoreFoundation  -lssl -lcrypto -lz -lcrypto -lssl -lpthread -ldl -lobjc "
conftest.c:13:15: warning: implicit declaration of function 'rb_thread_blocking_region' is invalid in C99 [-Wimplicit-function-declaration]
int t(void) { rb_thread_blocking_region(); return 0; }
              ^
1 warning generated.
Undefined symbols for architecture x86_64:
  "_rb_thread_blocking_region", referenced from:
      _t in conftest-dac549.o
ld: symbol(s) not found for architecture x86_64
clang: error: linker command failed with exit code 1 (use -v to see invocation)
checked program was:
/* begin */
 1: #include "ruby.h"
 2: 
 3: /*top*/
 4: extern int t(void);
 5: int main(int argc, char **argv)
 6: {
 7:   if (argc > 1000000) {
 8:     printf("%p", &t);
 9:   }
10: 
11:   return 0;
12: }
13: int t(void) { rb_thread_blocking_region(); return 0; }
/* end */

--------------------

have_header: checking for ruby/thread.h... -------------------- yes

"clang -E -I/Users/katyou/.rbenv/versions/2.2.4/include/ruby-2.2.0/x86_64-darwin14 -I/Users/katyou/.rbenv/versions/2.2.4/include/ruby-2.2.0/ruby/backward -I/Users/katyou/.rbenv/versions/2.2.4/include/ruby-2.2.0 -I.  -I/Users/katyou/.rbenv/versions/2.2.4/include  -D_XOPEN_SOURCE -D_DARWIN_C_SOURCE -D_DARWIN_UNLIMITED_SELECT -D_REENTRANT    -O3 -Wno-error=shorten-64-to-32  -pipe   conftest.c -o conftest.i"
checked program was:
/* begin */
1: #include "ruby.h"
2: 
3: #include <ruby/thread.h>
/* end */

--------------------

have_func: checking for rb_thread_call_without_gvl() in ruby/thread.h... -------------------- yes

"clang -o conftest -I/Users/katyou/.rbenv/versions/2.2.4/include/ruby-2.2.0/x86_64-darwin14 -I/Users/katyou/.rbenv/versions/2.2.4/include/ruby-2.2.0/ruby/backward -I/Users/katyou/.rbenv/versions/2.2.4/include/ruby-2.2.0 -I.  -I/Users/katyou/.rbenv/versions/2.2.4/include  -D_XOPEN_SOURCE -D_DARWIN_C_SOURCE -D_DARWIN_UNLIMITED_SELECT -D_REENTRANT    -O3 -Wno-error=shorten-64-to-32  -pipe  conftest.c  -L. -L/Users/katyou/.rbenv/versions/2.2.4/lib -L. -L/Users/katyou/.rbenv/versions/2.2.4/lib  -fstack-protector      -lssl -lcrypto -lz -lcrypto -lssl -lruby-static -framework CoreFoundation  -lssl -lcrypto -lz -lcrypto -lssl -lpthread -ldl -lobjc "
checked program was:
/* begin */
 1: #include "ruby.h"
 2: 
 3: #include <ruby/thread.h>
 4: 
 5: /*top*/
 6: extern int t(void);
 7: int main(int argc, char **argv)
 8: {
 9:   if (argc > 1000000) {
10:     printf("%p", &t);
11:   }
12: 
13:   return 0;
14: }
15: int t(void) { void ((*volatile p)()); p = (void ((*)()))rb_thread_call_without_gvl; return 0; }
/* end */

--------------------

have_func: checking for inotify_init() in sys/inotify.h... -------------------- no

"clang -o conftest -I/Users/katyou/.rbenv/versions/2.2.4/include/ruby-2.2.0/x86_64-darwin14 -I/Users/katyou/.rbenv/versions/2.2.4/include/ruby-2.2.0/ruby/backward -I/Users/katyou/.rbenv/versions/2.2.4/include/ruby-2.2.0 -I.  -I/Users/katyou/.rbenv/versions/2.2.4/include  -D_XOPEN_SOURCE -D_DARWIN_C_SOURCE -D_DARWIN_UNLIMITED_SELECT -D_REENTRANT    -O3 -Wno-error=shorten-64-to-32  -pipe  conftest.c  -L. -L/Users/katyou/.rbenv/versions/2.2.4/lib -L. -L/Users/katyou/.rbenv/versions/2.2.4/lib  -fstack-protector      -lssl -lcrypto -lz -lcrypto -lssl -lruby-static -framework CoreFoundation  -lssl -lcrypto -lz -lcrypto -lssl -lpthread -ldl -lobjc "
conftest.c:3:10: fatal error: 'sys/inotify.h' file not found
#include <sys/inotify.h>
         ^
1 error generated.
checked program was:
/* begin */
 1: #include "ruby.h"
 2: 
 3: #include <sys/inotify.h>
 4: 
 5: /*top*/
 6: extern int t(void);
 7: int main(int argc, char **argv)
 8: {
 9:   if (argc > 1000000) {
10:     printf("%p", &t);
11:   }
12: 
13:   return 0;
14: }
15: int t(void) { void ((*volatile p)()); p = (void ((*)()))inotify_init; return 0; }
/* end */

"clang -o conftest -I/Users/katyou/.rbenv/versions/2.2.4/include/ruby-2.2.0/x86_64-darwin14 -I/Users/katyou/.rbenv/versions/2.2.4/include/ruby-2.2.0/ruby/backward -I/Users/katyou/.rbenv/versions/2.2.4/include/ruby-2.2.0 -I.  -I/Users/katyou/.rbenv/versions/2.2.4/include  -D_XOPEN_SOURCE -D_DARWIN_C_SOURCE -D_DARWIN_UNLIMITED_SELECT -D_REENTRANT    -O3 -Wno-error=shorten-64-to-32  -pipe  conftest.c  -L. -L/Users/katyou/.rbenv/versions/2.2.4/lib -L. -L/Users/katyou/.rbenv/versions/2.2.4/lib  -fstack-protector      -lssl -lcrypto -lz -lcrypto -lssl -lruby-static -framework CoreFoundation  -lssl -lcrypto -lz -lcrypto -lssl -lpthread -ldl -lobjc "
conftest.c:3:10: fatal error: 'sys/inotify.h' file not found
#include <sys/inotify.h>
         ^
1 error generated.
checked program was:
/* begin */
 1: #include "ruby.h"
 2: 
 3: #include <sys/inotify.h>
 4: 
 5: /*top*/
 6: extern int t(void);
 7: int main(int argc, char **argv)
 8: {
 9:   if (argc > 1000000) {
10:     printf("%p", &t);
11:   }
12: 
13:   return 0;
14: }
15: int t(void) { inotify_init(); return 0; }
/* end */

--------------------

have_macro: checking for __NR_inotify_init in sys/syscall.h... -------------------- no

"clang -I/Users/katyou/.rbenv/versions/2.2.4/include/ruby-2.2.0/x86_64-darwin14 -I/Users/katyou/.rbenv/versions/2.2.4/include/ruby-2.2.0/ruby/backward -I/Users/katyou/.rbenv/versions/2.2.4/include/ruby-2.2.0 -I.  -I/Users/katyou/.rbenv/versions/2.2.4/include  -D_XOPEN_SOURCE -D_DARWIN_C_SOURCE -D_DARWIN_UNLIMITED_SELECT -D_REENTRANT    -O3 -Wno-error=shorten-64-to-32  -pipe    -c conftest.c"
conftest.c:6:3: error: 
# error
  ^
conftest.c:7:1: error: expected identifier or '('
|:/ === __NR_inotify_init undefined === /:|
^
2 errors generated.
checked program was:
/* begin */
1: #include "ruby.h"
2: 
3: #include <sys/syscall.h>
4: /*top*/
5: #ifndef __NR_inotify_init
6: # error
7: |:/ === __NR_inotify_init undefined === /:|
8: #endif
/* end */

--------------------

have_func: checking for writev() in sys/uio.h... -------------------- yes

"clang -o conftest -I/Users/katyou/.rbenv/versions/2.2.4/include/ruby-2.2.0/x86_64-darwin14 -I/Users/katyou/.rbenv/versions/2.2.4/include/ruby-2.2.0/ruby/backward -I/Users/katyou/.rbenv/versions/2.2.4/include/ruby-2.2.0 -I.  -I/Users/katyou/.rbenv/versions/2.2.4/include  -D_XOPEN_SOURCE -D_DARWIN_C_SOURCE -D_DARWIN_UNLIMITED_SELECT -D_REENTRANT    -O3 -Wno-error=shorten-64-to-32  -pipe  conftest.c  -L. -L/Users/katyou/.rbenv/versions/2.2.4/lib -L. -L/Users/katyou/.rbenv/versions/2.2.4/lib  -fstack-protector      -lssl -lcrypto -lz -lcrypto -lssl -lruby-static -framework CoreFoundation  -lssl -lcrypto -lz -lcrypto -lssl -lpthread -ldl -lobjc "
checked program was:
/* begin */
 1: #include "ruby.h"
 2: 
 3: #include <sys/uio.h>
 4: 
 5: /*top*/
 6: extern int t(void);
 7: int main(int argc, char **argv)
 8: {
 9:   if (argc > 1000000) {
10:     printf("%p", &t);
11:   }
12: 
13:   return 0;
14: }
15: int t(void) { void ((*volatile p)()); p = (void ((*)()))writev; return 0; }
/* end */

--------------------

have_func: checking for rb_thread_fd_select()... -------------------- yes

"clang -o conftest -I/Users/katyou/.rbenv/versions/2.2.4/include/ruby-2.2.0/x86_64-darwin14 -I/Users/katyou/.rbenv/versions/2.2.4/include/ruby-2.2.0/ruby/backward -I/Users/katyou/.rbenv/versions/2.2.4/include/ruby-2.2.0 -I.  -I/Users/katyou/.rbenv/versions/2.2.4/include  -D_XOPEN_SOURCE -D_DARWIN_C_SOURCE -D_DARWIN_UNLIMITED_SELECT -D_REENTRANT    -O3 -Wno-error=shorten-64-to-32  -pipe  conftest.c  -L. -L/Users/katyou/.rbenv/versions/2.2.4/lib -L. -L/Users/katyou/.rbenv/versions/2.2.4/lib  -fstack-protector      -lssl -lcrypto -lz -lcrypto -lssl -lruby-static -framework CoreFoundation  -lssl -lcrypto -lz -lcrypto -lssl -lpthread -ldl -lobjc "
checked program was:
/* begin */
 1: #include "ruby.h"
 2: 
 3: /*top*/
 4: extern int t(void);
 5: int main(int argc, char **argv)
 6: {
 7:   if (argc > 1000000) {
 8:     printf("%p", &t);
 9:   }
10: 
11:   return 0;
12: }
13: int t(void) { void ((*volatile p)()); p = (void ((*)()))rb_thread_fd_select; return 0; }
/* end */

--------------------

have_type: checking for rb_fdset_t in ruby/intern.h... -------------------- yes

"clang -I/Users/katyou/.rbenv/versions/2.2.4/include/ruby-2.2.0/x86_64-darwin14 -I/Users/katyou/.rbenv/versions/2.2.4/include/ruby-2.2.0/ruby/backward -I/Users/katyou/.rbenv/versions/2.2.4/include/ruby-2.2.0 -I.  -I/Users/katyou/.rbenv/versions/2.2.4/include  -D_XOPEN_SOURCE -D_DARWIN_C_SOURCE -D_DARWIN_UNLIMITED_SELECT -D_REENTRANT    -O3 -Wno-error=shorten-64-to-32  -pipe    -c conftest.c"
checked program was:
/* begin */
1: #include "ruby.h"
2: 
3: #include <ruby/intern.h>
4: 
5: /*top*/
6: typedef rb_fdset_t conftest_type;
7: int conftestval[sizeof(conftest_type)?1:-1];
/* end */

--------------------

have_func: checking for pipe2() in unistd.h... -------------------- no

"clang -o conftest -I/Users/katyou/.rbenv/versions/2.2.4/include/ruby-2.2.0/x86_64-darwin14 -I/Users/katyou/.rbenv/versions/2.2.4/include/ruby-2.2.0/ruby/backward -I/Users/katyou/.rbenv/versions/2.2.4/include/ruby-2.2.0 -I.  -I/Users/katyou/.rbenv/versions/2.2.4/include  -D_XOPEN_SOURCE -D_DARWIN_C_SOURCE -D_DARWIN_UNLIMITED_SELECT -D_REENTRANT    -O3 -Wno-error=shorten-64-to-32  -pipe  conftest.c  -L. -L/Users/katyou/.rbenv/versions/2.2.4/lib -L. -L/Users/katyou/.rbenv/versions/2.2.4/lib  -fstack-protector      -lssl -lcrypto -lz -lcrypto -lssl -lruby-static -framework CoreFoundation  -lssl -lcrypto -lz -lcrypto -lssl -lpthread -ldl -lobjc "
conftest.c:15:57: error: use of undeclared identifier 'pipe2'
int t(void) { void ((*volatile p)()); p = (void ((*)()))pipe2; return 0; }
                                                        ^
1 error generated.
checked program was:
/* begin */
 1: #include "ruby.h"
 2: 
 3: #include <unistd.h>
 4: 
 5: /*top*/
 6: extern int t(void);
 7: int main(int argc, char **argv)
 8: {
 9:   if (argc > 1000000) {
10:     printf("%p", &t);
11:   }
12: 
13:   return 0;
14: }
15: int t(void) { void ((*volatile p)()); p = (void ((*)()))pipe2; return 0; }
/* end */

"clang -o conftest -I/Users/katyou/.rbenv/versions/2.2.4/include/ruby-2.2.0/x86_64-darwin14 -I/Users/katyou/.rbenv/versions/2.2.4/include/ruby-2.2.0/ruby/backward -I/Users/katyou/.rbenv/versions/2.2.4/include/ruby-2.2.0 -I.  -I/Users/katyou/.rbenv/versions/2.2.4/include  -D_XOPEN_SOURCE -D_DARWIN_C_SOURCE -D_DARWIN_UNLIMITED_SELECT -D_REENTRANT    -O3 -Wno-error=shorten-64-to-32  -pipe  conftest.c  -L. -L/Users/katyou/.rbenv/versions/2.2.4/lib -L. -L/Users/katyou/.rbenv/versions/2.2.4/lib  -fstack-protector      -lssl -lcrypto -lz -lcrypto -lssl -lruby-static -framework CoreFoundation  -lssl -lcrypto -lz -lcrypto -lssl -lpthread -ldl -lobjc "
conftest.c:15:15: warning: implicit declaration of function 'pipe2' is invalid in C99 [-Wimplicit-function-declaration]
int t(void) { pipe2(); return 0; }
              ^
1 warning generated.
Undefined symbols for architecture x86_64:
  "_pipe2", referenced from:
      _t in conftest-8f5ede.o
ld: symbol(s) not found for architecture x86_64
clang: error: linker command failed with exit code 1 (use -v to see invocation)
checked program was:
/* begin */
 1: #include "ruby.h"
 2: 
 3: #include <unistd.h>
 4: 
 5: /*top*/
 6: extern int t(void);
 7: int main(int argc, char **argv)
 8: {
 9:   if (argc > 1000000) {
10:     printf("%p", &t);
11:   }
12: 
13:   return 0;
14: }
15: int t(void) { pipe2(); return 0; }
/* end */

--------------------

have_func: checking for accept4() in sys/socket.h... -------------------- no

"clang -o conftest -I/Users/katyou/.rbenv/versions/2.2.4/include/ruby-2.2.0/x86_64-darwin14 -I/Users/katyou/.rbenv/versions/2.2.4/include/ruby-2.2.0/ruby/backward -I/Users/katyou/.rbenv/versions/2.2.4/include/ruby-2.2.0 -I.  -I/Users/katyou/.rbenv/versions/2.2.4/include  -D_XOPEN_SOURCE -D_DARWIN_C_SOURCE -D_DARWIN_UNLIMITED_SELECT -D_REENTRANT    -O3 -Wno-error=shorten-64-to-32  -pipe  conftest.c  -L. -L/Users/katyou/.rbenv/versions/2.2.4/lib -L. -L/Users/katyou/.rbenv/versions/2.2.4/lib  -fstack-protector      -lssl -lcrypto -lz -lcrypto -lssl -lruby-static -framework CoreFoundation  -lssl -lcrypto -lz -lcrypto -lssl -lpthread -ldl -lobjc "
conftest.c:15:57: error: use of undeclared identifier 'accept4'
int t(void) { void ((*volatile p)()); p = (void ((*)()))accept4; return 0; }
                                                        ^
1 error generated.
checked program was:
/* begin */
 1: #include "ruby.h"
 2: 
 3: #include <sys/socket.h>
 4: 
 5: /*top*/
 6: extern int t(void);
 7: int main(int argc, char **argv)
 8: {
 9:   if (argc > 1000000) {
10:     printf("%p", &t);
11:   }
12: 
13:   return 0;
14: }
15: int t(void) { void ((*volatile p)()); p = (void ((*)()))accept4; return 0; }
/* end */

"clang -o conftest -I/Users/katyou/.rbenv/versions/2.2.4/include/ruby-2.2.0/x86_64-darwin14 -I/Users/katyou/.rbenv/versions/2.2.4/include/ruby-2.2.0/ruby/backward -I/Users/katyou/.rbenv/versions/2.2.4/include/ruby-2.2.0 -I.  -I/Users/katyou/.rbenv/versions/2.2.4/include  -D_XOPEN_SOURCE -D_DARWIN_C_SOURCE -D_DARWIN_UNLIMITED_SELECT -D_REENTRANT    -O3 -Wno-error=shorten-64-to-32  -pipe  conftest.c  -L. -L/Users/katyou/.rbenv/versions/2.2.4/lib -L. -L/Users/katyou/.rbenv/versions/2.2.4/lib  -fstack-protector      -lssl -lcrypto -lz -lcrypto -lssl -lruby-static -framework CoreFoundation  -lssl -lcrypto -lz -lcrypto -lssl -lpthread -ldl -lobjc "
conftest.c:15:15: warning: implicit declaration of function 'accept4' is invalid in C99 [-Wimplicit-function-declaration]
int t(void) { accept4(); return 0; }
              ^
1 warning generated.
Undefined symbols for architecture x86_64:
  "_accept4", referenced from:
      _t in conftest-70d9af.o
ld: symbol(s) not found for architecture x86_64
clang: error: linker command failed with exit code 1 (use -v to see invocation)
checked program was:
/* begin */
 1: #include "ruby.h"
 2: 
 3: #include <sys/socket.h>
 4: 
 5: /*top*/
 6: extern int t(void);
 7: int main(int argc, char **argv)
 8: {
 9:   if (argc > 1000000) {
10:     printf("%p", &t);
11:   }
12: 
13:   return 0;
14: }
15: int t(void) { accept4(); return 0; }
/* end */

--------------------

have_const: checking for SOCK_CLOEXEC in sys/socket.h... -------------------- no

"clang -I/Users/katyou/.rbenv/versions/2.2.4/include/ruby-2.2.0/x86_64-darwin14 -I/Users/katyou/.rbenv/versions/2.2.4/include/ruby-2.2.0/ruby/backward -I/Users/katyou/.rbenv/versions/2.2.4/include/ruby-2.2.0 -I.  -I/Users/katyou/.rbenv/versions/2.2.4/include  -D_XOPEN_SOURCE -D_DARWIN_C_SOURCE -D_DARWIN_UNLIMITED_SELECT -D_REENTRANT    -O3 -Wno-error=shorten-64-to-32  -pipe    -c conftest.c"
conftest.c:7:34: error: use of undeclared identifier 'SOCK_CLOEXEC'
conftest_type conftestval = (int)SOCK_CLOEXEC;
                                 ^
1 error generated.
checked program was:
/* begin */
1: #include "ruby.h"
2: 
3: #include <sys/socket.h>
4: 
5: /*top*/
6: typedef int conftest_type;
7: conftest_type conftestval = (int)SOCK_CLOEXEC;
/* end */

--------------------

have_func: checking for rb_wait_for_single_fd()... -------------------- yes

"clang -o conftest -I/Users/katyou/.rbenv/versions/2.2.4/include/ruby-2.2.0/x86_64-darwin14 -I/Users/katyou/.rbenv/versions/2.2.4/include/ruby-2.2.0/ruby/backward -I/Users/katyou/.rbenv/versions/2.2.4/include/ruby-2.2.0 -I.  -I/Users/katyou/.rbenv/versions/2.2.4/include  -D_XOPEN_SOURCE -D_DARWIN_C_SOURCE -D_DARWIN_UNLIMITED_SELECT -D_REENTRANT    -O3 -Wno-error=shorten-64-to-32  -pipe  conftest.c  -L. -L/Users/katyou/.rbenv/versions/2.2.4/lib -L. -L/Users/katyou/.rbenv/versions/2.2.4/lib  -fstack-protector      -lssl -lcrypto -lz -lcrypto -lssl -lruby-static -framework CoreFoundation  -lssl -lcrypto -lz -lcrypto -lssl -lpthread -ldl -lobjc "
conftest.c:13:57: error: use of undeclared identifier 'rb_wait_for_single_fd'
int t(void) { void ((*volatile p)()); p = (void ((*)()))rb_wait_for_single_fd; return 0; }
                                                        ^
1 error generated.
checked program was:
/* begin */
 1: #include "ruby.h"
 2: 
 3: /*top*/
 4: extern int t(void);
 5: int main(int argc, char **argv)
 6: {
 7:   if (argc > 1000000) {
 8:     printf("%p", &t);
 9:   }
10: 
11:   return 0;
12: }
13: int t(void) { void ((*volatile p)()); p = (void ((*)()))rb_wait_for_single_fd; return 0; }
/* end */

"clang -o conftest -I/Users/katyou/.rbenv/versions/2.2.4/include/ruby-2.2.0/x86_64-darwin14 -I/Users/katyou/.rbenv/versions/2.2.4/include/ruby-2.2.0/ruby/backward -I/Users/katyou/.rbenv/versions/2.2.4/include/ruby-2.2.0 -I.  -I/Users/katyou/.rbenv/versions/2.2.4/include  -D_XOPEN_SOURCE -D_DARWIN_C_SOURCE -D_DARWIN_UNLIMITED_SELECT -D_REENTRANT    -O3 -Wno-error=shorten-64-to-32  -pipe  conftest.c  -L. -L/Users/katyou/.rbenv/versions/2.2.4/lib -L. -L/Users/katyou/.rbenv/versions/2.2.4/lib  -fstack-protector      -lssl -lcrypto -lz -lcrypto -lssl -lruby-static -framework CoreFoundation  -lssl -lcrypto -lz -lcrypto -lssl -lpthread -ldl -lobjc "
conftest.c:13:15: warning: implicit declaration of function 'rb_wait_for_single_fd' is invalid in C99 [-Wimplicit-function-declaration]
int t(void) { rb_wait_for_single_fd(); return 0; }
              ^
1 warning generated.
checked program was:
/* begin */
 1: #include "ruby.h"
 2: 
 3: /*top*/
 4: extern int t(void);
 5: int main(int argc, char **argv)
 6: {
 7:   if (argc > 1000000) {
 8:     printf("%p", &t);
 9:   }
10: 
11:   return 0;
12: }
13: int t(void) { rb_wait_for_single_fd(); return 0; }
/* end */

--------------------

have_func: checking for rb_enable_interrupt()... -------------------- no

"clang -o conftest -I/Users/katyou/.rbenv/versions/2.2.4/include/ruby-2.2.0/x86_64-darwin14 -I/Users/katyou/.rbenv/versions/2.2.4/include/ruby-2.2.0/ruby/backward -I/Users/katyou/.rbenv/versions/2.2.4/include/ruby-2.2.0 -I.  -I/Users/katyou/.rbenv/versions/2.2.4/include  -D_XOPEN_SOURCE -D_DARWIN_C_SOURCE -D_DARWIN_UNLIMITED_SELECT -D_REENTRANT    -O3 -Wno-error=shorten-64-to-32  -pipe  conftest.c  -L. -L/Users/katyou/.rbenv/versions/2.2.4/lib -L. -L/Users/katyou/.rbenv/versions/2.2.4/lib  -fstack-protector      -lssl -lcrypto -lz -lcrypto -lssl -lruby-static -framework CoreFoundation  -lssl -lcrypto -lz -lcrypto -lssl -lpthread -ldl -lobjc "
conftest.c:13:57: error: use of undeclared identifier 'rb_enable_interrupt'
int t(void) { void ((*volatile p)()); p = (void ((*)()))rb_enable_interrupt; return 0; }
                                                        ^
1 error generated.
checked program was:
/* begin */
 1: #include "ruby.h"
 2: 
 3: /*top*/
 4: extern int t(void);
 5: int main(int argc, char **argv)
 6: {
 7:   if (argc > 1000000) {
 8:     printf("%p", &t);
 9:   }
10: 
11:   return 0;
12: }
13: int t(void) { void ((*volatile p)()); p = (void ((*)()))rb_enable_interrupt; return 0; }
/* end */

"clang -o conftest -I/Users/katyou/.rbenv/versions/2.2.4/include/ruby-2.2.0/x86_64-darwin14 -I/Users/katyou/.rbenv/versions/2.2.4/include/ruby-2.2.0/ruby/backward -I/Users/katyou/.rbenv/versions/2.2.4/include/ruby-2.2.0 -I.  -I/Users/katyou/.rbenv/versions/2.2.4/include  -D_XOPEN_SOURCE -D_DARWIN_C_SOURCE -D_DARWIN_UNLIMITED_SELECT -D_REENTRANT    -O3 -Wno-error=shorten-64-to-32  -pipe  conftest.c  -L. -L/Users/katyou/.rbenv/versions/2.2.4/lib -L. -L/Users/katyou/.rbenv/versions/2.2.4/lib  -fstack-protector      -lssl -lcrypto -lz -lcrypto -lssl -lruby-static -framework CoreFoundation  -lssl -lcrypto -lz -lcrypto -lssl -lpthread -ldl -lobjc "
conftest.c:13:15: warning: implicit declaration of function 'rb_enable_interrupt' is invalid in C99 [-Wimplicit-function-declaration]
int t(void) { rb_enable_interrupt(); return 0; }
              ^
1 warning generated.
Undefined symbols for architecture x86_64:
  "_rb_enable_interrupt", referenced from:
      _t in conftest-1590e8.o
ld: symbol(s) not found for architecture x86_64
clang: error: linker command failed with exit code 1 (use -v to see invocation)
checked program was:
/* begin */
 1: #include "ruby.h"
 2: 
 3: /*top*/
 4: extern int t(void);
 5: int main(int argc, char **argv)
 6: {
 7:   if (argc > 1000000) {
 8:     printf("%p", &t);
 9:   }
10: 
11:   return 0;
12: }
13: int t(void) { rb_enable_interrupt(); return 0; }
/* end */

--------------------

have_func: checking for rb_time_new()... -------------------- yes

"clang -o conftest -I/Users/katyou/.rbenv/versions/2.2.4/include/ruby-2.2.0/x86_64-darwin14 -I/Users/katyou/.rbenv/versions/2.2.4/include/ruby-2.2.0/ruby/backward -I/Users/katyou/.rbenv/versions/2.2.4/include/ruby-2.2.0 -I.  -I/Users/katyou/.rbenv/versions/2.2.4/include  -D_XOPEN_SOURCE -D_DARWIN_C_SOURCE -D_DARWIN_UNLIMITED_SELECT -D_REENTRANT    -O3 -Wno-error=shorten-64-to-32  -pipe  conftest.c  -L. -L/Users/katyou/.rbenv/versions/2.2.4/lib -L. -L/Users/katyou/.rbenv/versions/2.2.4/lib  -fstack-protector      -lssl -lcrypto -lz -lcrypto -lssl -lruby-static -framework CoreFoundation  -lssl -lcrypto -lz -lcrypto -lssl -lpthread -ldl -lobjc "
checked program was:
/* begin */
 1: #include "ruby.h"
 2: 
 3: /*top*/
 4: extern int t(void);
 5: int main(int argc, char **argv)
 6: {
 7:   if (argc > 1000000) {
 8:     printf("%p", &t);
 9:   }
10: 
11:   return 0;
12: }
13: int t(void) { void ((*volatile p)()); p = (void ((*)()))rb_time_new; return 0; }
/* end */

--------------------

have_header: checking for sys/event.h... -------------------- yes

"clang -E -I/Users/katyou/.rbenv/versions/2.2.4/include/ruby-2.2.0/x86_64-darwin14 -I/Users/katyou/.rbenv/versions/2.2.4/include/ruby-2.2.0/ruby/backward -I/Users/katyou/.rbenv/versions/2.2.4/include/ruby-2.2.0 -I.  -I/Users/katyou/.rbenv/versions/2.2.4/include  -D_XOPEN_SOURCE -D_DARWIN_C_SOURCE -D_DARWIN_UNLIMITED_SELECT -D_REENTRANT    -O3 -Wno-error=shorten-64-to-32  -pipe   conftest.c -o conftest.i"
checked program was:
/* begin */
1: #include "ruby.h"
2: 
3: #include <sys/event.h>
/* end */

--------------------

have_header: checking for sys/queue.h... -------------------- yes

"clang -E -I/Users/katyou/.rbenv/versions/2.2.4/include/ruby-2.2.0/x86_64-darwin14 -I/Users/katyou/.rbenv/versions/2.2.4/include/ruby-2.2.0/ruby/backward -I/Users/katyou/.rbenv/versions/2.2.4/include/ruby-2.2.0 -I.  -I/Users/katyou/.rbenv/versions/2.2.4/include  -D_XOPEN_SOURCE -D_DARWIN_C_SOURCE -D_DARWIN_UNLIMITED_SELECT -D_REENTRANT    -O3 -Wno-error=shorten-64-to-32  -pipe   conftest.c -o conftest.i"
checked program was:
/* begin */
1: #include "ruby.h"
2: 
3: #include <sys/queue.h>
/* end */

--------------------

have_func: checking for clock_gettime()... -------------------- no

"clang -o conftest -I/Users/katyou/.rbenv/versions/2.2.4/include/ruby-2.2.0/x86_64-darwin14 -I/Users/katyou/.rbenv/versions/2.2.4/include/ruby-2.2.0/ruby/backward -I/Users/katyou/.rbenv/versions/2.2.4/include/ruby-2.2.0 -I.  -I/Users/katyou/.rbenv/versions/2.2.4/include  -D_XOPEN_SOURCE -D_DARWIN_C_SOURCE -D_DARWIN_UNLIMITED_SELECT -D_REENTRANT    -O3 -Wno-error=shorten-64-to-32  -pipe  conftest.c  -L. -L/Users/katyou/.rbenv/versions/2.2.4/lib -L. -L/Users/katyou/.rbenv/versions/2.2.4/lib  -fstack-protector      -lssl -lcrypto -lz -lcrypto -lssl -lruby-static -framework CoreFoundation  -lssl -lcrypto -lz -lcrypto -lssl -lpthread -ldl -lobjc "
conftest.c:13:57: error: use of undeclared identifier 'clock_gettime'
int t(void) { void ((*volatile p)()); p = (void ((*)()))clock_gettime; return 0; }
                                                        ^
1 error generated.
checked program was:
/* begin */
 1: #include "ruby.h"
 2: 
 3: /*top*/
 4: extern int t(void);
 5: int main(int argc, char **argv)
 6: {
 7:   if (argc > 1000000) {
 8:     printf("%p", &t);
 9:   }
10: 
11:   return 0;
12: }
13: int t(void) { void ((*volatile p)()); p = (void ((*)()))clock_gettime; return 0; }
/* end */

"clang -o conftest -I/Users/katyou/.rbenv/versions/2.2.4/include/ruby-2.2.0/x86_64-darwin14 -I/Users/katyou/.rbenv/versions/2.2.4/include/ruby-2.2.0/ruby/backward -I/Users/katyou/.rbenv/versions/2.2.4/include/ruby-2.2.0 -I.  -I/Users/katyou/.rbenv/versions/2.2.4/include  -D_XOPEN_SOURCE -D_DARWIN_C_SOURCE -D_DARWIN_UNLIMITED_SELECT -D_REENTRANT    -O3 -Wno-error=shorten-64-to-32  -pipe  conftest.c  -L. -L/Users/katyou/.rbenv/versions/2.2.4/lib -L. -L/Users/katyou/.rbenv/versions/2.2.4/lib  -fstack-protector      -lssl -lcrypto -lz -lcrypto -lssl -lruby-static -framework CoreFoundation  -lssl -lcrypto -lz -lcrypto -lssl -lpthread -ldl -lobjc "
conftest.c:13:15: warning: implicit declaration of function 'clock_gettime' is invalid in C99 [-Wimplicit-function-declaration]
int t(void) { clock_gettime(); return 0; }
              ^
1 warning generated.
Undefined symbols for architecture x86_64:
  "_clock_gettime", referenced from:
      _t in conftest-c97f8f.o
ld: symbol(s) not found for architecture x86_64
clang: error: linker command failed with exit code 1 (use -v to see invocation)
checked program was:
/* begin */
 1: #include "ruby.h"
 2: 
 3: /*top*/
 4: extern int t(void);
 5: int main(int argc, char **argv)
 6: {
 7:   if (argc > 1000000) {
 8:     printf("%p", &t);
 9:   }
10: 
11:   return 0;
12: }
13: int t(void) { clock_gettime(); return 0; }
/* end */

--------------------

have_func: checking for gethrtime()... -------------------- no

"clang -o conftest -I/Users/katyou/.rbenv/versions/2.2.4/include/ruby-2.2.0/x86_64-darwin14 -I/Users/katyou/.rbenv/versions/2.2.4/include/ruby-2.2.0/ruby/backward -I/Users/katyou/.rbenv/versions/2.2.4/include/ruby-2.2.0 -I.  -I/Users/katyou/.rbenv/versions/2.2.4/include  -D_XOPEN_SOURCE -D_DARWIN_C_SOURCE -D_DARWIN_UNLIMITED_SELECT -D_REENTRANT    -O3 -Wno-error=shorten-64-to-32  -pipe  conftest.c  -L. -L/Users/katyou/.rbenv/versions/2.2.4/lib -L. -L/Users/katyou/.rbenv/versions/2.2.4/lib  -fstack-protector      -lssl -lcrypto -lz -lcrypto -lssl -lruby-static -framework CoreFoundation  -lssl -lcrypto -lz -lcrypto -lssl -lpthread -ldl -lobjc "
conftest.c:13:57: error: use of undeclared identifier 'gethrtime'
int t(void) { void ((*volatile p)()); p = (void ((*)()))gethrtime; return 0; }
                                                        ^
1 error generated.
checked program was:
/* begin */
 1: #include "ruby.h"
 2: 
 3: /*top*/
 4: extern int t(void);
 5: int main(int argc, char **argv)
 6: {
 7:   if (argc > 1000000) {
 8:     printf("%p", &t);
 9:   }
10: 
11:   return 0;
12: }
13: int t(void) { void ((*volatile p)()); p = (void ((*)()))gethrtime; return 0; }
/* end */

"clang -o conftest -I/Users/katyou/.rbenv/versions/2.2.4/include/ruby-2.2.0/x86_64-darwin14 -I/Users/katyou/.rbenv/versions/2.2.4/include/ruby-2.2.0/ruby/backward -I/Users/katyou/.rbenv/versions/2.2.4/include/ruby-2.2.0 -I.  -I/Users/katyou/.rbenv/versions/2.2.4/include  -D_XOPEN_SOURCE -D_DARWIN_C_SOURCE -D_DARWIN_UNLIMITED_SELECT -D_REENTRANT    -O3 -Wno-error=shorten-64-to-32  -pipe  conftest.c  -L. -L/Users/katyou/.rbenv/versions/2.2.4/lib -L. -L/Users/katyou/.rbenv/versions/2.2.4/lib  -fstack-protector      -lssl -lcrypto -lz -lcrypto -lssl -lruby-static -framework CoreFoundation  -lssl -lcrypto -lz -lcrypto -lssl -lpthread -ldl -lobjc "
conftest.c:13:15: warning: implicit declaration of function 'gethrtime' is invalid in C99 [-Wimplicit-function-declaration]
int t(void) { gethrtime(); return 0; }
              ^
1 warning generated.
Undefined symbols for architecture x86_64:
  "_gethrtime", referenced from:
      _t in conftest-224f70.o
ld: symbol(s) not found for architecture x86_64
clang: error: linker command failed with exit code 1 (use -v to see invocation)
checked program was:
/* begin */
 1: #include "ruby.h"
 2: 
 3: /*top*/
 4: extern int t(void);
 5: int main(int argc, char **argv)
 6: {
 7:   if (argc > 1000000) {
 8:     printf("%p", &t);
 9:   }
10: 
11:   return 0;
12: }
13: int t(void) { gethrtime(); return 0; }
/* end */

--------------------

"clang++ -o conftest -I/Users/katyou/.rbenv/versions/2.2.4/include/ruby-2.2.0/x86_64-darwin14 -I/Users/katyou/.rbenv/versions/2.2.4/include/ruby-2.2.0/ruby/backward -I/Users/katyou/.rbenv/versions/2.2.4/include/ruby-2.2.0 -I.  -I/Users/katyou/.rbenv/versions/2.2.4/include  -D_XOPEN_SOURCE -D_DARWIN_C_SOURCE -D_DARWIN_UNLIMITED_SELECT -D_REENTRANT    -O3 -Wno-error=shorten-64-to-32  -pipe  conftest.c  -L. -L/Users/katyou/.rbenv/versions/2.2.4/lib -L. -L/Users/katyou/.rbenv/versions/2.2.4/lib  -fstack-protector      -lssl -lcrypto -lz -lcrypto -lssl -lruby-static -framework CoreFoundation -Wall -lpthread -ldl -lobjc "
clang: warning: treating 'c' input as 'c++' when in C++ mode, this behavior is deprecated
checked program was:
/* begin */
1: #include "ruby.h"
2: 
3: int main() {return 0;}
/* end */

"clang++ -o conftest -I/Users/katyou/.rbenv/versions/2.2.4/include/ruby-2.2.0/x86_64-darwin14 -I/Users/katyou/.rbenv/versions/2.2.4/include/ruby-2.2.0/ruby/backward -I/Users/katyou/.rbenv/versions/2.2.4/include/ruby-2.2.0 -I.  -I/Users/katyou/.rbenv/versions/2.2.4/include  -D_XOPEN_SOURCE -D_DARWIN_C_SOURCE -D_DARWIN_UNLIMITED_SELECT -D_REENTRANT    -O3 -Wno-error=shorten-64-to-32  -pipe  conftest.c  -L. -L/Users/katyou/.rbenv/versions/2.2.4/lib -L. -L/Users/katyou/.rbenv/versions/2.2.4/lib  -fstack-protector      -lssl -lcrypto -lz -lcrypto -lssl -lruby-static -framework CoreFoundation -Wextra -lpthread -ldl -lobjc "
clang: warning: treating 'c' input as 'c++' when in C++ mode, this behavior is deprecated
checked program was:
/* begin */
1: #include "ruby.h"
2: 
3: int main() {return 0;}
/* end */

"clang++ -o conftest -I/Users/katyou/.rbenv/versions/2.2.4/include/ruby-2.2.0/x86_64-darwin14 -I/Users/katyou/.rbenv/versions/2.2.4/include/ruby-2.2.0/ruby/backward -I/Users/katyou/.rbenv/versions/2.2.4/include/ruby-2.2.0 -I.  -I/Users/katyou/.rbenv/versions/2.2.4/include  -D_XOPEN_SOURCE -D_DARWIN_C_SOURCE -D_DARWIN_UNLIMITED_SELECT -D_REENTRANT    -O3 -Wno-error=shorten-64-to-32  -pipe  conftest.c  -L. -L/Users/katyou/.rbenv/versions/2.2.4/lib -L. -L/Users/katyou/.rbenv/versions/2.2.4/lib  -fstack-protector      -lssl -lcrypto -lz -lcrypto -lssl -lruby-static -framework CoreFoundation -Wno-deprecated-declarations -lpthread -ldl -lobjc "
clang: warning: treating 'c' input as 'c++' when in C++ mode, this behavior is deprecated
checked program was:
/* begin */
1: #include "ruby.h"
2: 
3: int main() {return 0;}
/* end */

"clang++ -o conftest -I/Users/katyou/.rbenv/versions/2.2.4/include/ruby-2.2.0/x86_64-darwin14 -I/Users/katyou/.rbenv/versions/2.2.4/include/ruby-2.2.0/ruby/backward -I/Users/katyou/.rbenv/versions/2.2.4/include/ruby-2.2.0 -I.  -I/Users/katyou/.rbenv/versions/2.2.4/include  -D_XOPEN_SOURCE -D_DARWIN_C_SOURCE -D_DARWIN_UNLIMITED_SELECT -D_REENTRANT    -O3 -Wno-error=shorten-64-to-32  -pipe  conftest.c  -L. -L/Users/katyou/.rbenv/versions/2.2.4/lib -L. -L/Users/katyou/.rbenv/versions/2.2.4/lib  -fstack-protector      -lssl -lcrypto -lz -lcrypto -lssl -lruby-static -framework CoreFoundation -Wno-ignored-qualifiers -lpthread -ldl -lobjc "
clang: warning: treating 'c' input as 'c++' when in C++ mode, this behavior is deprecated
checked program was:
/* begin */
1: #include "ruby.h"
2: 
3: int main() {return 0;}
/* end */

"clang++ -o conftest -I/Users/katyou/.rbenv/versions/2.2.4/include/ruby-2.2.0/x86_64-darwin14 -I/Users/katyou/.rbenv/versions/2.2.4/include/ruby-2.2.0/ruby/backward -I/Users/katyou/.rbenv/versions/2.2.4/include/ruby-2.2.0 -I.  -I/Users/katyou/.rbenv/versions/2.2.4/include  -D_XOPEN_SOURCE -D_DARWIN_C_SOURCE -D_DARWIN_UNLIMITED_SELECT -D_REENTRANT    -O3 -Wno-error=shorten-64-to-32  -pipe  conftest.c  -L. -L/Users/katyou/.rbenv/versions/2.2.4/lib -L. -L/Users/katyou/.rbenv/versions/2.2.4/lib  -fstack-protector      -lssl -lcrypto -lz -lcrypto -lssl -lruby-static -framework CoreFoundation -Wno-unused-result -lpthread -ldl -lobjc "
clang: warning: treating 'c' input as 'c++' when in C++ mode, this behavior is deprecated
checked program was:
/* begin */
1: #include "ruby.h"
2: 
3: int main() {return 0;}
/* end */

"clang++ -o conftest -I/Users/katyou/.rbenv/versions/2.2.4/include/ruby-2.2.0/x86_64-darwin14 -I/Users/katyou/.rbenv/versions/2.2.4/include/ruby-2.2.0/ruby/backward -I/Users/katyou/.rbenv/versions/2.2.4/include/ruby-2.2.0 -I.  -I/Users/katyou/.rbenv/versions/2.2.4/include  -D_XOPEN_SOURCE -D_DARWIN_C_SOURCE -D_DARWIN_UNLIMITED_SELECT -D_REENTRANT    -O3 -Wno-error=shorten-64-to-32  -pipe  conftest.c  -L. -L/Users/katyou/.rbenv/versions/2.2.4/lib -L. -L/Users/katyou/.rbenv/versions/2.2.4/lib  -fstack-protector      -lssl -lcrypto -lz -lcrypto -lssl -lruby-static -framework CoreFoundation -Wno-address -lpthread -ldl -lobjc "
clang: warning: treating 'c' input as 'c++' when in C++ mode, this behavior is deprecated
checked program was:
/* begin */
1: #include "ruby.h"
2: 
3: int main() {return 0;}
/* end */

"clang++ -o conftest -I/Users/katyou/.rbenv/versions/2.2.4/include/ruby-2.2.0/x86_64-darwin14 -I/Users/katyou/.rbenv/versions/2.2.4/include/ruby-2.2.0/ruby/backward -I/Users/katyou/.rbenv/versions/2.2.4/include/ruby-2.2.0 -I.  -I/Users/katyou/.rbenv/versions/2.2.4/include  -D_XOPEN_SOURCE -D_DARWIN_C_SOURCE -D_DARWIN_UNLIMITED_SELECT -D_REENTRANT    -O3 -Wno-error=shorten-64-to-32  -pipe  conftest.c  -L. -L/Users/katyou/.rbenv/versions/2.2.4/lib -L. -L/Users/katyou/.rbenv/versions/2.2.4/lib  -fstack-protector      -lssl -lcrypto -lz -lcrypto -lssl -lruby-static -framework CoreFoundation -lstdc++ -lpthread -ldl -lobjc "
clang: warning: treating 'c' input as 'c++' when in C++ mode, this behavior is deprecated
checked program was:
/* begin */
1: #include "ruby.h"
2: 
3:   #include <utility>
4:   using namespace std;
5:   int main(){ pair<const int,int> tuple = make_pair(1,2); }
/* end */

